

Started GET "/" for ::1 at 2020-03-02 10:40:11 +0100
  [1m[36mActiveRecord::SchemaMigration Load (0.6ms)[0m  [1mSELECT `schema_migrations`.* FROM `schema_migrations`[0m
Processing by PacksController#show as HTML
  Parameters: {"id"=>"dimitri-yorick"}
  [1m[35mUser Load (3.6ms)[0m  SELECT  `users`.* FROM `users` WHERE `users`.`id` = 1  ORDER BY `users`.`id` ASC LIMIT 1
  [1m[36mPack Load (3.0ms)[0m  [1mSELECT  `packs`.* FROM `packs` WHERE `packs`.`slug` = 'dimitri-yorick'  ORDER BY name ASC LIMIT 1[0m
  [1m[35mLevel Load (1.6ms)[0m  SELECT  `levels`.* FROM `levels` WHERE `levels`.`pack_id` = 27  ORDER BY `levels`.`id` ASC LIMIT 1
  [1m[36mLevelUserLink Load (1684.3ms)[0m  [1mSELECT  `level_user_links`.* FROM `level_user_links` WHERE `level_user_links`.`level_id` = 1279 AND `level_user_links`.`best_level_user_score` = 1  ORDER BY pushes ASC, moves ASC, created_at DESC LIMIT 6[0m
  [1m[35m (21.0ms)[0m  SELECT users.id FROM `users` INNER JOIN `user_user_links` ON `users`.`f_id` = `user_user_links`.`friend_id` WHERE `user_user_links`.`user_id` = 634478837 AND (email IS NOT NULL)
  [1m[36mLevelUserLink Load (32.1ms)[0m  [1mSELECT  `level_user_links`.* FROM `level_user_links` WHERE `level_user_links`.`level_id` = 1279 AND `level_user_links`.`best_level_user_score` = 1 AND `level_user_links`.`user_id` IN (4, 12, 20, 21, 32, 9569, 47, 49, 55, 71, 75, 80, 85, 1742, 127, 174, 186, 37666, 7464, 37622, 187, 188, 192, 1)  ORDER BY pushes ASC, moves ASC, created_at DESC LIMIT 6[0m
  [1m[35mPack Load (3.3ms)[0m  SELECT `packs`.* FROM `packs`  ORDER BY name ASC
  [1m[36mPackUserLink Load (17.8ms)[0m  [1mSELECT `pack_user_links`.* FROM `pack_user_links` WHERE `pack_user_links`.`user_id` = 1[0m
  [1m[35mLevel Load (4.9ms)[0m  SELECT `levels`.* FROM `levels` WHERE `levels`.`pack_id` = 27
  Rendered helpers/_level_datas.html.erb (1.1ms)
  Rendered helpers/_level_datas.html.erb (0.5ms)
  Rendered helpers/_level_datas.html.erb (0.4ms)
  Rendered helpers/_level_datas.html.erb (0.7ms)
  Rendered helpers/_level_datas.html.erb (0.4ms)
  Rendered helpers/_level_datas.html.erb (0.4ms)
  Rendered helpers/_level_datas.html.erb (0.4ms)
  Rendered helpers/_level_datas.html.erb (0.6ms)
  Rendered helpers/_level_datas.html.erb (0.4ms)
  Rendered helpers/_level_datas.html.erb (0.4ms)
  Rendered helpers/_level_datas.html.erb (0.4ms)
  Rendered helpers/_level_datas.html.erb (0.4ms)
  Rendered helpers/_level_datas.html.erb (0.4ms)
  Rendered helpers/_level_datas.html.erb (0.4ms)
  Rendered helpers/_level_datas.html.erb (0.4ms)
  Rendered helpers/_level_datas.html.erb (0.4ms)
  Rendered helpers/_level_datas.html.erb (0.4ms)
  Rendered helpers/_level_datas.html.erb (0.4ms)
  Rendered helpers/_level_datas.html.erb (0.4ms)
  Rendered helpers/_level_datas.html.erb (0.5ms)
  Rendered helpers/_level_datas.html.erb (0.6ms)
  Rendered helpers/_level_datas.html.erb (0.4ms)
  Rendered helpers/_level_datas.html.erb (0.4ms)
  Rendered helpers/_level_datas.html.erb (0.4ms)
  Rendered helpers/_level_datas.html.erb (0.3ms)
  Rendered helpers/_level_datas.html.erb (0.4ms)
  Rendered helpers/_level_datas.html.erb (0.4ms)
  Rendered helpers/_level_datas.html.erb (0.5ms)
  Rendered helpers/_level_datas.html.erb (0.4ms)
  Rendered helpers/_level_datas.html.erb (0.4ms)
  Rendered helpers/_level_datas.html.erb (0.4ms)
  Rendered helpers/_level_datas.html.erb (0.5ms)
  Rendered helpers/_level_datas.html.erb (0.4ms)
  Rendered helpers/_level_datas.html.erb (0.4ms)
  Rendered helpers/_level_datas.html.erb (0.4ms)
  Rendered helpers/_level_datas.html.erb (0.4ms)
  Rendered helpers/_level_datas.html.erb (0.4ms)
  Rendered helpers/_level_datas.html.erb (0.5ms)
  Rendered helpers/_level_datas.html.erb (0.4ms)
  Rendered helpers/_level_datas.html.erb (0.4ms)
  Rendered helpers/_level_datas.html.erb (0.4ms)
  Rendered helpers/_level_datas.html.erb (0.5ms)
  Rendered helpers/_level_datas.html.erb (0.4ms)
  Rendered helpers/_level_datas.html.erb (0.4ms)
  Rendered helpers/_level_datas.html.erb (0.7ms)
  Rendered helpers/_level_datas.html.erb (0.4ms)
  Rendered helpers/_level_datas.html.erb (0.4ms)
  Rendered helpers/_level_datas.html.erb (0.7ms)
  Rendered helpers/_level_datas.html.erb (0.5ms)
  Rendered helpers/_level_datas.html.erb (0.4ms)
  Rendered helpers/_level_datas.html.erb (0.4ms)
  Rendered helpers/_level_datas.html.erb (0.4ms)
  Rendered helpers/_level_datas.html.erb (0.4ms)
  Rendered helpers/_level_datas.html.erb (0.4ms)
  Rendered helpers/_level_datas.html.erb (0.3ms)
  Rendered helpers/_level_datas.html.erb (0.3ms)
  Rendered helpers/_level_datas.html.erb (0.4ms)
  Rendered helpers/_level_datas.html.erb (0.4ms)
  Rendered helpers/_level_datas.html.erb (0.4ms)
  Rendered helpers/_level_datas.html.erb (0.3ms)
  Rendered helpers/_level_datas.html.erb (0.4ms)
  Rendered packs/_show_deadlock_message.html.erb (2779.8ms)
  Rendered packs/_show_game.html.erb (2782.7ms)
  [1m[36mUser Load (0.5ms)[0m  [1mSELECT  `users`.* FROM `users` WHERE `users`.`id` = 192 LIMIT 1[0m
  [1m[35mCACHE (0.0ms)[0m  SELECT users.id FROM `users` INNER JOIN `user_user_links` ON `users`.`f_id` = `user_user_links`.`friend_id` WHERE `user_user_links`.`user_id` = 634478837 AND (email IS NOT NULL)  [["user_id", 634478837]]
  [1m[36mUser Load (0.3ms)[0m  [1mSELECT  `users`.* FROM `users` WHERE `users`.`id` = 1 LIMIT 1[0m
  [1m[35mCACHE (0.0ms)[0m  SELECT users.id FROM `users` INNER JOIN `user_user_links` ON `users`.`f_id` = `user_user_links`.`friend_id` WHERE `user_user_links`.`user_id` = 634478837 AND (email IS NOT NULL)  [["user_id", 634478837]]
  [1m[36mUser Load (0.3ms)[0m  [1mSELECT  `users`.* FROM `users` WHERE `users`.`id` = 21 LIMIT 1[0m
  [1m[35mCACHE (0.0ms)[0m  SELECT users.id FROM `users` INNER JOIN `user_user_links` ON `users`.`f_id` = `user_user_links`.`friend_id` WHERE `user_user_links`.`user_id` = 634478837 AND (email IS NOT NULL)  [["user_id", 634478837]]
  [1m[36mUser Load (0.2ms)[0m  [1mSELECT  `users`.* FROM `users` WHERE `users`.`id` = 127 LIMIT 1[0m
  [1m[35mCACHE (0.0ms)[0m  SELECT users.id FROM `users` INNER JOIN `user_user_links` ON `users`.`f_id` = `user_user_links`.`friend_id` WHERE `user_user_links`.`user_id` = 634478837 AND (email IS NOT NULL)  [["user_id", 634478837]]
  [1m[36mUser Load (0.2ms)[0m  [1mSELECT  `users`.* FROM `users` WHERE `users`.`id` = 71 LIMIT 1[0m
  [1m[35mCACHE (0.0ms)[0m  SELECT users.id FROM `users` INNER JOIN `user_user_links` ON `users`.`f_id` = `user_user_links`.`friend_id` WHERE `user_user_links`.`user_id` = 634478837 AND (email IS NOT NULL)  [["user_id", 634478837]]
  [1m[36mUser Load (0.3ms)[0m  [1mSELECT  `users`.* FROM `users` WHERE `users`.`id` = 85 LIMIT 1[0m
  [1m[35mCACHE (0.0ms)[0m  SELECT users.id FROM `users` INNER JOIN `user_user_links` ON `users`.`f_id` = `user_user_links`.`friend_id` WHERE `user_user_links`.`user_id` = 634478837 AND (email IS NOT NULL)  [["user_id", 634478837]]
  Rendered level_user_links/_level_user_link.html.erb (18.6ms)
  [1m[36mUser Load (0.6ms)[0m  [1mSELECT `users`.* FROM `users` INNER JOIN `user_user_links` ON `users`.`f_id` = `user_user_links`.`friend_id` WHERE `user_user_links`.`user_id` = 634478837 AND (email IS NOT NULL)[0m
  [1m[35m (5.2ms)[0m  SELECT COUNT(*) FROM `level_user_links` WHERE `level_user_links`.`level_id` = 1279 AND `level_user_links`.`best_level_user_score` = 1 AND `level_user_links`.`user_id` IN (4, 12, 20, 21, 32, 9569, 47, 49, 55, 71, 75, 80, 85, 1742, 127, 174, 186, 37666, 7464, 37622, 187, 188, 192, 1)
  [1m[36mUser Load (0.8ms)[0m  [1mSELECT  `users`.* FROM `users` WHERE `users`.`id` = 1821126 LIMIT 1[0m
  [1m[35mCACHE (0.0ms)[0m  SELECT users.id FROM `users` INNER JOIN `user_user_links` ON `users`.`f_id` = `user_user_links`.`friend_id` WHERE `user_user_links`.`user_id` = 634478837 AND (email IS NOT NULL)  [["user_id", 634478837]]
  [1m[36mUser Load (0.6ms)[0m  [1mSELECT  `users`.* FROM `users` WHERE `users`.`id` = 1720953 LIMIT 1[0m
  [1m[35mCACHE (0.0ms)[0m  SELECT users.id FROM `users` INNER JOIN `user_user_links` ON `users`.`f_id` = `user_user_links`.`friend_id` WHERE `user_user_links`.`user_id` = 634478837 AND (email IS NOT NULL)  [["user_id", 634478837]]
  [1m[36mUser Load (0.6ms)[0m  [1mSELECT  `users`.* FROM `users` WHERE `users`.`id` = 1821438 LIMIT 1[0m
  [1m[35mCACHE (0.0ms)[0m  SELECT users.id FROM `users` INNER JOIN `user_user_links` ON `users`.`f_id` = `user_user_links`.`friend_id` WHERE `user_user_links`.`user_id` = 634478837 AND (email IS NOT NULL)  [["user_id", 634478837]]
  [1m[36mUser Load (0.2ms)[0m  [1mSELECT  `users`.* FROM `users` WHERE `users`.`id` = 1821452 LIMIT 1[0m
  [1m[35mCACHE (0.0ms)[0m  SELECT users.id FROM `users` INNER JOIN `user_user_links` ON `users`.`f_id` = `user_user_links`.`friend_id` WHERE `user_user_links`.`user_id` = 634478837 AND (email IS NOT NULL)  [["user_id", 634478837]]
  [1m[36mUser Load (0.6ms)[0m  [1mSELECT  `users`.* FROM `users` WHERE `users`.`id` = 1819931 LIMIT 1[0m
  [1m[35mCACHE (0.0ms)[0m  SELECT users.id FROM `users` INNER JOIN `user_user_links` ON `users`.`f_id` = `user_user_links`.`friend_id` WHERE `user_user_links`.`user_id` = 634478837 AND (email IS NOT NULL)  [["user_id", 634478837]]
  [1m[36mUser Load (0.6ms)[0m  [1mSELECT  `users`.* FROM `users` WHERE `users`.`id` = 1821389 LIMIT 1[0m
  [1m[35mCACHE (0.0ms)[0m  SELECT users.id FROM `users` INNER JOIN `user_user_links` ON `users`.`f_id` = `user_user_links`.`friend_id` WHERE `user_user_links`.`user_id` = 634478837 AND (email IS NOT NULL)  [["user_id", 634478837]]
  Rendered level_user_links/_level_user_link.html.erb (14.5ms)
  Rendered level_user_links/_index.html.erb (49.8ms)
  Rendered packs/show.html.erb within layouts/application (3088.7ms)
  Rendered layouts/_google_analytics_headers.html.erb (0.5ms)
  Rendered layouts/_delayed_javascript.html.erb (5.1ms)
  Rendered layouts/_facebook_headers.html.erb (0.6ms)
  [1m[36m (0.5ms)[0m  [1mSELECT COUNT(*) FROM `users` INNER JOIN `user_user_links` ON `users`.`f_id` = `user_user_links`.`friend_id` WHERE `user_user_links`.`user_id` = 634478837 AND (email IS NOT NULL)[0m
  [1m[35mPackUserLink Load (0.3ms)[0m  SELECT  `pack_user_links`.* FROM `pack_user_links` WHERE `pack_user_links`.`pack_id` = 27 AND `pack_user_links`.`user_id` = 1 LIMIT 1
  [1m[36m (0.4ms)[0m  [1mSELECT COUNT(*) FROM `users` INNER JOIN `user_user_links` ON `users`.`f_id` = `user_user_links`.`friend_id` WHERE `user_user_links`.`user_id` = 634478837 AND (email IS NOT NULL) AND (total_won_levels > 592)[0m
  [1m[35m (1064.9ms)[0m  SELECT COUNT(*) FROM `users` WHERE (email IS NOT NULL) AND (total_won_levels > 592)
  [1m[36m (1.8ms)[0m  [1mSELECT COUNT(*) FROM `users` WHERE (email IS NOT NULL)[0m
  Rendered layouts/_header.html.erb (1074.6ms)
  [1m[35m (0.7ms)[0m  SELECT `users`.`f_id` FROM `users` INNER JOIN `user_user_links` ON `users`.`f_id` = `user_user_links`.`friend_id` WHERE `user_user_links`.`user_id` = 634478837  ORDER BY friends_count DESC
  Rendered layouts/_fb_friend_ids.html.erb (2.2ms)
  [1m[36mCACHE (0.0ms)[0m  [1mSELECT `users`.* FROM `users` INNER JOIN `user_user_links` ON `users`.`f_id` = `user_user_links`.`friend_id` WHERE `user_user_links`.`user_id` = 634478837 AND (email IS NOT NULL)[0m  [["user_id", 634478837]]
  [1m[35mUser Load (10.1ms)[0m  SELECT users.*, pack_user_links.* FROM `users` INNER JOIN `pack_user_links` ON `pack_user_links`.`user_id` = `users`.`id` WHERE `users`.`id` IN (4, 12, 20, 21, 32, 9569, 47, 49, 55, 71, 75, 80, 85, 1742, 127, 174, 186, 37666, 7464, 37622, 187, 188, 192, 1) AND (pack_user_links.pack_id = 27)
  [1m[36mUserUserLink Load (4.2ms)[0m  [1mSELECT `user_user_links`.* FROM `user_user_links` WHERE `user_user_links`.`user_id` = 634478837 AND `user_user_links`.`friend_id` IN (680920385, 634478837, 532274987, 568095812, 564832519, 676183187, 546480067, 526184822, 675896484, 512143874, 526454251, 533587190, 549980886, 670016136, 577612637, 614029520)[0m
  Rendered layouts/_banner.html.erb (34.8ms)
  Rendered layouts/_footer.html.erb (1.0ms)
Completed 200 OK in 6173ms (Views: 3155.0ms | ActiveRecord: 2886.2ms)


Started GET "/assets/application.self-a99caa30c4e64c47d6013e50ef880f32b963bf3d9df92760972136bc77f7200d.css?body=1" for ::1 at 2020-03-02 10:40:17 +0100


Started GET "/assets/colorbox.self-e55f2d4618e06bb84ebd73ed0de5d4a4959449e259c20a89b0a23bf0b2955d79.css?body=1" for ::1 at 2020-03-02 10:40:17 +0100


Started GET "/assets/font-awesome.self-15a9858903a62da495f56fe4ab4559f0ddc6f9b7912279fa4a6a0743446a420c.css?body=1" for ::1 at 2020-03-02 10:40:17 +0100


Started GET "/assets/tipsy.self-0889308c17c381d319d123a50a0aaafa256f57c667e1309510a90311edf404eb.css?body=1" for ::1 at 2020-03-02 10:40:17 +0100


Started GET "/assets/vendor.self-44f57f4360f0b3c46f3a6afe8699056071f19a97fd677d1ad1df6c0024270d88.css?body=1" for ::1 at 2020-03-02 10:40:17 +0100


Started GET "/assets/deadlock.self-e2f742d297b8988ce817622be510bd4806fb11a2a2c9dfa04ced3ebf3fcb0946.css?body=1" for ::1 at 2020-03-02 10:40:17 +0100


Started GET "/assets/session.self-07774324674098cdff6794cef77fe51f8aee3e93a9679b6189fc47a8bf8b8bb8.css?body=1" for ::1 at 2020-03-02 10:40:17 +0100


Started GET "/assets/style.self-40943ff6372bf73c0e21988de0b1c74eaa2b06ae883888978816469b3ff943f0.css?body=1" for ::1 at 2020-03-02 10:40:17 +0100


Started GET "/assets/add_friends-f69e1182dcdd52e63015222138075097f8e851ba4641855055a2b60a9d176a54.png" for ::1 at 2020-03-02 10:40:17 +0100


Started GET "/assets/utils.self-998e5438610bf3bc60ca7f856aabafa79b9782ff95fdf2b76a728d6dd599c768.css?body=1" for ::1 at 2020-03-02 10:40:17 +0100


Started GET "/assets/workflow.self-f8980014fdf300de1273667cf845b1f6126ff8525ee083c52c0842951ec20912.css?body=1" for ::1 at 2020-03-02 10:40:17 +0100


Started GET "/assets/users/index.self-cd243712ff321699a898d78851b26f854caa0b182c78446bc5646ef03128fdc6.css?body=1" for ::1 at 2020-03-02 10:40:17 +0100


Started GET "/assets/users/show.self-c4ce75b8ecb77c42c43a910adfaff8bc6e8457744f80ded2fcdffbe4cdfdaf49.css?body=1" for ::1 at 2020-03-02 10:40:17 +0100


Started GET "/assets/add_wall-091402c07971f95e9ace54a0d365c968880bbefa4e583ff35a3f1a8d8c187990.png" for ::1 at 2020-03-02 10:40:17 +0100


Started GET "/assets/key_d-439504c04ff48eed4fe144cfd7873242d17efc81eac8091120b33aeff078df43.png" for ::1 at 2020-03-02 10:40:18 +0100


Started GET "/assets/main-bkg-478419c7e1d80451f33a4195ba32056df3756122c8f51321bd8f9b518896764e.png" for ::1 at 2020-03-02 10:40:18 +0100


Started GET "/assets/player-hover-top-6c4b1266bb9c38eac347b1acdeee53a5dce611095972ac569d09e80f5ee55d25.png" for ::1 at 2020-03-02 10:40:18 +0100


Started GET "/assets/header-bkg-b503c9eaad82c69cfed033657a981b05f351a250a958b266d8207d3d9944f749.png" for ::1 at 2020-03-02 10:40:18 +0100


Started GET "/assets/banner-gray-bkg-51e5762a3d9412602b85a222c9039e942793ad99904ff6f26aaecaf831ad779d.png" for ::1 at 2020-03-02 10:40:18 +0100


Started GET "/assets/sprites-d762ff8c1b731e7b97d66e46007ce68655c340a67222a247273476865624e9a5.png" for ::1 at 2020-03-02 10:40:18 +0100


Started GET "/assets/level-hover2-bkg-0fb16fd922d8b5ce1a67e8209735c9213320c09a841ca6b495b8f43af9216e07.png" for ::1 at 2020-03-02 10:40:18 +0100


Started GET "/assets/fullscreen-7741e73feedb0029104831aa2afbfc884c214201fa4fc4f20537c0811c683879.png" for ::1 at 2020-03-02 10:40:18 +0100


Started GET "/assets/friends-img-55f49871a97f437dd38a47dcc2512c7ac9e3ff2daf812fedd7a8f38c96f20fbb.png" for ::1 at 2020-03-02 10:40:18 +0100


Started GET "/assets/shadow-large-cb8841eb67928b4d09bb92d4503f00be8e21b61a2fd194295aac3523ee7dd453.png" for ::1 at 2020-03-02 10:40:18 +0100


Started GET "/assets/footer-bkg-39eb4982773101ad1bce74de0083e672c3585cee060b49827ca3bcd5771d9cef.png" for ::1 at 2020-03-02 10:40:18 +0100


Started GET "/assets/all-img-2019bc5f0fe7a5d7fc9b66eaeb6d6a1581a6cb11dc0743a789a304344e2cb499.png" for ::1 at 2020-03-02 10:40:18 +0100


Started GET "/assets/fonts/androgyne_tb-webfont-4067d3d08f72ff5be1256a5cfd68452bf0ae51acab8fbb4729f17e601f65f07a.woff" for ::1 at 2020-03-02 10:40:18 +0100


Started GET "/assets/application-0dcf8b694099a5206f0ff1031b5f58c462a59cccc7898bd8c1cd43c4a377b516.js" for ::1 at 2020-03-02 10:40:18 +0100


Started GET "/assets/colorbox/overlay-ab2ef76dffeae79cf8924b6e69368c855af10f35510888e098143971b3a62ed1.png" for ::1 at 2020-03-02 10:40:18 +0100


Started GET "/assets/colorbox/controls-dd66392b830be1152442db4ba9818b44a4f22adfc11571f1c5c6400c6b73ed85.png" for ::1 at 2020-03-02 10:40:18 +0100


Started GET "/assets/colorbox/loading_background-9e076334a5467b74c691321c411b4a8dd2a916c39d78a103b5d538bd0a0d6a82.png" for ::1 at 2020-03-02 10:40:18 +0100


Started GET "/assets/colorbox/border-6d7a1c311e234b25bdde3c3563aad9dfdccb7c076dcc37bfc908d31ebe0bb307.png" for ::1 at 2020-03-02 10:40:18 +0100


Started GET "/assets/colorbox/loading-34ef55242fc24c94f0790902c09601d228e9074bf7a1f88c4de6a39b40ce38fa.gif" for ::1 at 2020-03-02 10:40:18 +0100


Started GET "/assets/game-won-bkg-10c1782f1284825c06851800a2f2949b1dbb162d57bf87c2fe082f8b05941375.png" for ::1 at 2020-03-02 10:40:18 +0100


Started GET "/workflows/show_welcome/" for ::1 at 2020-03-02 10:40:18 +0100
Processing by WorkflowsController#show_welcome as HTML
  [1m[35mUser Load (0.4ms)[0m  SELECT  `users`.* FROM `users` WHERE `users`.`id` = 1  ORDER BY `users`.`id` ASC LIMIT 1
  Rendered workflows/show_welcome.html.erb (6.0ms)
Completed 200 OK in 30ms (Views: 27.5ms | ActiveRecord: 0.4ms)


Started GET "/packs/dimitri-yorick/levels/push-down-01?json=true&authenticity_token=Ai6PHECka5%2FJSJnMMaKayFuuBUt7lWuWw55w8kEh5Q5VJ5VaBbCOKA2covxtI8Eb%2FeT7ScRavOAb4lCoXDse0g%3D%3D" for ::1 at 2020-03-02 10:40:18 +0100
Processing by LevelsController#show as */*
  Parameters: {"json"=>"true", "authenticity_token"=>"Ai6PHECka5/JSJnMMaKayFuuBUt7lWuWw55w8kEh5Q5VJ5VaBbCOKA2covxtI8Eb/eT7ScRavOAb4lCoXDse0g==", "pack_id"=>"dimitri-yorick", "id"=>"push-down-01"}
  [1m[36mUser Load (0.4ms)[0m  [1mSELECT  `users`.* FROM `users` WHERE `users`.`id` = 1  ORDER BY `users`.`id` ASC LIMIT 1[0m
  [1m[35mPack Load (0.4ms)[0m  SELECT  `packs`.* FROM `packs` WHERE `packs`.`slug` = 'dimitri-yorick'  ORDER BY name ASC LIMIT 1
  [1m[36mLevel Load (1.0ms)[0m  [1mSELECT  `levels`.* FROM `levels` WHERE `levels`.`pack_id` = 27 AND `levels`.`slug` = 'push-down-01'  ORDER BY `levels`.`id` ASC LIMIT 1[0m
Completed 200 OK in 7ms (Views: 0.2ms | ActiveRecord: 1.8ms)


Started GET "/users/1/popular_friends" for ::1 at 2020-03-02 10:40:18 +0100
Processing by UsersController#popular_friends as */*
  Parameters: {"id"=>"1"}
  [1m[35mUser Load (0.3ms)[0m  SELECT  `users`.* FROM `users` WHERE `users`.`id` = 1  ORDER BY `users`.`id` ASC LIMIT 1
  [1m[36mUser Load (1.1ms)[0m  [1mSELECT  `users`.* FROM `users` WHERE `users`.`slug` = '1'  ORDER BY `users`.`id` ASC LIMIT 1[0m
  [1m[35mUser Load (0.2ms)[0m  SELECT  `users`.* FROM `users` WHERE `users`.`id` = 1 LIMIT 1
  [1m[36mUser Load (0.6ms)[0m  [1mSELECT `users`.* FROM `users` INNER JOIN `user_user_links` ON `users`.`f_id` = `user_user_links`.`friend_id` WHERE `user_user_links`.`user_id` = 634478837 AND (email IS NOT NULL)[0m
  [1m[35mUser Load (4.2ms)[0m  SELECT  `users`.* FROM `users` INNER JOIN `user_user_links` ON `users`.`f_id` = `user_user_links`.`friend_id` WHERE `user_user_links`.`user_id` = 634478837 AND (email IS NULL)  ORDER BY friends_count DESC LIMIT 50
  Rendered users/_invitation.html.erb (2.2ms)
  Rendered users/popular_friends.html.erb (20.2ms)
Completed 200 OK in 54ms (Views: 41.6ms | ActiveRecord: 6.4ms)


Started GET "/assets/level-hover-bkg-911130379912f1728bff6449e513087b06dc3d0661640a4a48635bb752337f05.png" for ::1 at 2020-03-02 10:40:18 +0100


Started GET "/assets/themes/classic/wall64.png" for ::1 at 2020-03-02 10:40:18 +0100


Started GET "/assets/themes/classic/floor64.png" for ::1 at 2020-03-02 10:40:18 +0100


Started GET "/assets/themes/classic/box64.png" for ::1 at 2020-03-02 10:40:18 +0100


Started GET "/assets/workflows.self-acb7df5c664a7d515db151b389f2e70f9b42c5c350b543f6cc46837493b7bb4f.js?body=1" for ::1 at 2020-03-02 10:40:18 +0100


Started GET "/assets/themes/classic/pusher64.png" for ::1 at 2020-03-02 10:40:18 +0100


Started GET "/assets/themes/classic/goal64.png" for ::1 at 2020-03-02 10:40:18 +0100


Started GET "/assets/font-awesome/fontawesome-webfont-d45f5fb1fb4e1a101a8ad8722af443272f6c3d409d912e8175e6268d48e0b091.woff" for ::1 at 2020-03-02 10:40:19 +0100


Started GET "/assets/player-hover-bkg-54fcd1ce28670caf644596f72688bb6ce79c07c652e2eb3f18ef51afc7d2469d.png" for ::1 at 2020-03-02 10:40:20 +0100


Started GET "/" for ::1 at 2020-03-02 10:43:35 +0100
  [1m[36mActiveRecord::SchemaMigration Load (1.2ms)[0m  [1mSELECT `schema_migrations`.* FROM `schema_migrations`[0m
Processing by PacksController#show as HTML
  Parameters: {"id"=>"dimitri-yorick"}
  [1m[35mUser Load (0.3ms)[0m  SELECT  `users`.* FROM `users` WHERE `users`.`id` = 1  ORDER BY `users`.`id` ASC LIMIT 1
  [1m[36mPack Load (0.3ms)[0m  [1mSELECT  `packs`.* FROM `packs` WHERE `packs`.`slug` = 'dimitri-yorick'  ORDER BY name ASC LIMIT 1[0m
  [1m[35mLevel Load (0.3ms)[0m  SELECT  `levels`.* FROM `levels` WHERE `levels`.`pack_id` = 27  ORDER BY `levels`.`id` ASC LIMIT 1
  [1m[36mLevelUserLink Load (229.4ms)[0m  [1mSELECT  `level_user_links`.* FROM `level_user_links` WHERE `level_user_links`.`level_id` = 1279 AND `level_user_links`.`best_level_user_score` = 1  ORDER BY pushes ASC, moves ASC, created_at DESC LIMIT 6[0m
  [1m[35m (0.5ms)[0m  SELECT users.id FROM `users` INNER JOIN `user_user_links` ON `users`.`f_id` = `user_user_links`.`friend_id` WHERE `user_user_links`.`user_id` = 634478837 AND (email IS NOT NULL)
  [1m[36mLevelUserLink Load (4.4ms)[0m  [1mSELECT  `level_user_links`.* FROM `level_user_links` WHERE `level_user_links`.`level_id` = 1279 AND `level_user_links`.`best_level_user_score` = 1 AND `level_user_links`.`user_id` IN (4, 12, 20, 21, 32, 9569, 47, 49, 55, 71, 75, 80, 85, 1742, 127, 174, 186, 37666, 7464, 37622, 187, 188, 192, 1)  ORDER BY pushes ASC, moves ASC, created_at DESC LIMIT 6[0m
  [1m[35mPack Load (0.6ms)[0m  SELECT `packs`.* FROM `packs`  ORDER BY name ASC
  [1m[36mPackUserLink Load (9.8ms)[0m  [1mSELECT `pack_user_links`.* FROM `pack_user_links` WHERE `pack_user_links`.`user_id` = 1[0m
  [1m[35mLevel Load (0.8ms)[0m  SELECT `levels`.* FROM `levels` WHERE `levels`.`pack_id` = 27
  Rendered helpers/_level_datas.html.erb (0.9ms)
  Rendered helpers/_level_datas.html.erb (0.4ms)
  Rendered helpers/_level_datas.html.erb (0.5ms)
  Rendered helpers/_level_datas.html.erb (0.5ms)
  Rendered helpers/_level_datas.html.erb (0.4ms)
  Rendered helpers/_level_datas.html.erb (0.4ms)
  Rendered helpers/_level_datas.html.erb (0.4ms)
  Rendered helpers/_level_datas.html.erb (0.5ms)
  Rendered helpers/_level_datas.html.erb (0.5ms)
  Rendered helpers/_level_datas.html.erb (0.4ms)
  Rendered helpers/_level_datas.html.erb (0.4ms)
  Rendered helpers/_level_datas.html.erb (0.4ms)
  Rendered helpers/_level_datas.html.erb (0.4ms)
  Rendered helpers/_level_datas.html.erb (0.4ms)
  Rendered helpers/_level_datas.html.erb (0.4ms)
  Rendered helpers/_level_datas.html.erb (0.3ms)
  Rendered helpers/_level_datas.html.erb (0.6ms)
  Rendered helpers/_level_datas.html.erb (0.5ms)
  Rendered helpers/_level_datas.html.erb (0.4ms)
  Rendered helpers/_level_datas.html.erb (0.5ms)
  Rendered helpers/_level_datas.html.erb (0.4ms)
  Rendered helpers/_level_datas.html.erb (0.5ms)
  Rendered helpers/_level_datas.html.erb (0.4ms)
  Rendered helpers/_level_datas.html.erb (0.4ms)
  Rendered helpers/_level_datas.html.erb (0.4ms)
  Rendered helpers/_level_datas.html.erb (0.4ms)
  Rendered helpers/_level_datas.html.erb (0.7ms)
  Rendered helpers/_level_datas.html.erb (0.5ms)
  Rendered helpers/_level_datas.html.erb (0.4ms)
  Rendered helpers/_level_datas.html.erb (0.4ms)
  Rendered helpers/_level_datas.html.erb (0.5ms)
  Rendered helpers/_level_datas.html.erb (0.4ms)
  Rendered helpers/_level_datas.html.erb (0.4ms)
  Rendered helpers/_level_datas.html.erb (0.4ms)
  Rendered helpers/_level_datas.html.erb (0.4ms)
  Rendered helpers/_level_datas.html.erb (0.4ms)
  Rendered helpers/_level_datas.html.erb (0.5ms)
  Rendered helpers/_level_datas.html.erb (0.7ms)
  Rendered helpers/_level_datas.html.erb (0.4ms)
  Rendered helpers/_level_datas.html.erb (0.4ms)
  Rendered helpers/_level_datas.html.erb (0.4ms)
  Rendered helpers/_level_datas.html.erb (0.4ms)
  Rendered helpers/_level_datas.html.erb (0.4ms)
  Rendered helpers/_level_datas.html.erb (0.4ms)
  Rendered helpers/_level_datas.html.erb (0.5ms)
  Rendered helpers/_level_datas.html.erb (0.5ms)
  Rendered helpers/_level_datas.html.erb (0.4ms)
  Rendered helpers/_level_datas.html.erb (0.4ms)
  Rendered helpers/_level_datas.html.erb (0.4ms)
  Rendered helpers/_level_datas.html.erb (0.7ms)
  Rendered helpers/_level_datas.html.erb (0.5ms)
  Rendered helpers/_level_datas.html.erb (0.6ms)
  Rendered helpers/_level_datas.html.erb (0.9ms)
  Rendered helpers/_level_datas.html.erb (0.6ms)
  Rendered helpers/_level_datas.html.erb (0.5ms)
  Rendered helpers/_level_datas.html.erb (0.6ms)
  Rendered helpers/_level_datas.html.erb (0.5ms)
  Rendered helpers/_level_datas.html.erb (0.7ms)
  Rendered helpers/_level_datas.html.erb (0.5ms)
  Rendered helpers/_level_datas.html.erb (0.5ms)
  Rendered helpers/_level_datas.html.erb (0.9ms)
  Rendered packs/_show_deadlock_message.html.erb (332.0ms)
  Rendered packs/_show_game.html.erb (335.5ms)
  [1m[36mUser Load (0.6ms)[0m  [1mSELECT  `users`.* FROM `users` WHERE `users`.`id` = 192 LIMIT 1[0m
  [1m[35mCACHE (0.0ms)[0m  SELECT users.id FROM `users` INNER JOIN `user_user_links` ON `users`.`f_id` = `user_user_links`.`friend_id` WHERE `user_user_links`.`user_id` = 634478837 AND (email IS NOT NULL)  [["user_id", 634478837]]
  [1m[36mUser Load (0.4ms)[0m  [1mSELECT  `users`.* FROM `users` WHERE `users`.`id` = 1 LIMIT 1[0m
  [1m[35mCACHE (0.4ms)[0m  SELECT users.id FROM `users` INNER JOIN `user_user_links` ON `users`.`f_id` = `user_user_links`.`friend_id` WHERE `user_user_links`.`user_id` = 634478837 AND (email IS NOT NULL)  [["user_id", 634478837]]
  [1m[36mUser Load (0.3ms)[0m  [1mSELECT  `users`.* FROM `users` WHERE `users`.`id` = 21 LIMIT 1[0m
  [1m[35mCACHE (0.0ms)[0m  SELECT users.id FROM `users` INNER JOIN `user_user_links` ON `users`.`f_id` = `user_user_links`.`friend_id` WHERE `user_user_links`.`user_id` = 634478837 AND (email IS NOT NULL)  [["user_id", 634478837]]
  [1m[36mUser Load (0.5ms)[0m  [1mSELECT  `users`.* FROM `users` WHERE `users`.`id` = 127 LIMIT 1[0m
  [1m[35mCACHE (0.0ms)[0m  SELECT users.id FROM `users` INNER JOIN `user_user_links` ON `users`.`f_id` = `user_user_links`.`friend_id` WHERE `user_user_links`.`user_id` = 634478837 AND (email IS NOT NULL)  [["user_id", 634478837]]
  [1m[36mUser Load (0.4ms)[0m  [1mSELECT  `users`.* FROM `users` WHERE `users`.`id` = 71 LIMIT 1[0m
  [1m[35mCACHE (0.0ms)[0m  SELECT users.id FROM `users` INNER JOIN `user_user_links` ON `users`.`f_id` = `user_user_links`.`friend_id` WHERE `user_user_links`.`user_id` = 634478837 AND (email IS NOT NULL)  [["user_id", 634478837]]
  [1m[36mUser Load (0.4ms)[0m  [1mSELECT  `users`.* FROM `users` WHERE `users`.`id` = 85 LIMIT 1[0m
  [1m[35mCACHE (0.0ms)[0m  SELECT users.id FROM `users` INNER JOIN `user_user_links` ON `users`.`f_id` = `user_user_links`.`friend_id` WHERE `user_user_links`.`user_id` = 634478837 AND (email IS NOT NULL)  [["user_id", 634478837]]
  Rendered level_user_links/_level_user_link.html.erb (35.7ms)
  [1m[36mUser Load (1.0ms)[0m  [1mSELECT `users`.* FROM `users` INNER JOIN `user_user_links` ON `users`.`f_id` = `user_user_links`.`friend_id` WHERE `user_user_links`.`user_id` = 634478837 AND (email IS NOT NULL)[0m
  [1m[35m (4.1ms)[0m  SELECT COUNT(*) FROM `level_user_links` WHERE `level_user_links`.`level_id` = 1279 AND `level_user_links`.`best_level_user_score` = 1 AND `level_user_links`.`user_id` IN (4, 12, 20, 21, 32, 9569, 47, 49, 55, 71, 75, 80, 85, 1742, 127, 174, 186, 37666, 7464, 37622, 187, 188, 192, 1)
  [1m[36mUser Load (0.7ms)[0m  [1mSELECT  `users`.* FROM `users` WHERE `users`.`id` = 1821126 LIMIT 1[0m
  [1m[35mCACHE (0.0ms)[0m  SELECT users.id FROM `users` INNER JOIN `user_user_links` ON `users`.`f_id` = `user_user_links`.`friend_id` WHERE `user_user_links`.`user_id` = 634478837 AND (email IS NOT NULL)  [["user_id", 634478837]]
  [1m[36mUser Load (0.4ms)[0m  [1mSELECT  `users`.* FROM `users` WHERE `users`.`id` = 1720953 LIMIT 1[0m
  [1m[35mCACHE (0.0ms)[0m  SELECT users.id FROM `users` INNER JOIN `user_user_links` ON `users`.`f_id` = `user_user_links`.`friend_id` WHERE `user_user_links`.`user_id` = 634478837 AND (email IS NOT NULL)  [["user_id", 634478837]]
  [1m[36mUser Load (0.4ms)[0m  [1mSELECT  `users`.* FROM `users` WHERE `users`.`id` = 1821438 LIMIT 1[0m
  [1m[35mCACHE (0.0ms)[0m  SELECT users.id FROM `users` INNER JOIN `user_user_links` ON `users`.`f_id` = `user_user_links`.`friend_id` WHERE `user_user_links`.`user_id` = 634478837 AND (email IS NOT NULL)  [["user_id", 634478837]]
  [1m[36mUser Load (0.4ms)[0m  [1mSELECT  `users`.* FROM `users` WHERE `users`.`id` = 1821452 LIMIT 1[0m
  [1m[35mCACHE (0.0ms)[0m  SELECT users.id FROM `users` INNER JOIN `user_user_links` ON `users`.`f_id` = `user_user_links`.`friend_id` WHERE `user_user_links`.`user_id` = 634478837 AND (email IS NOT NULL)  [["user_id", 634478837]]
  [1m[36mUser Load (0.6ms)[0m  [1mSELECT  `users`.* FROM `users` WHERE `users`.`id` = 1819931 LIMIT 1[0m
  [1m[35mCACHE (0.0ms)[0m  SELECT users.id FROM `users` INNER JOIN `user_user_links` ON `users`.`f_id` = `user_user_links`.`friend_id` WHERE `user_user_links`.`user_id` = 634478837 AND (email IS NOT NULL)  [["user_id", 634478837]]
  [1m[36mUser Load (0.5ms)[0m  [1mSELECT  `users`.* FROM `users` WHERE `users`.`id` = 1821389 LIMIT 1[0m
  [1m[35mCACHE (0.0ms)[0m  SELECT users.id FROM `users` INNER JOIN `user_user_links` ON `users`.`f_id` = `user_user_links`.`friend_id` WHERE `user_user_links`.`user_id` = 634478837 AND (email IS NOT NULL)  [["user_id", 634478837]]
  Rendered level_user_links/_level_user_link.html.erb (22.4ms)
  Rendered level_user_links/_index.html.erb (78.8ms)
  Rendered packs/show.html.erb within layouts/application (662.8ms)
  Rendered layouts/_google_analytics_headers.html.erb (1.0ms)
  Rendered layouts/_delayed_javascript.html.erb (10.4ms)
  Rendered layouts/_facebook_headers.html.erb (0.8ms)
  [1m[36m (0.5ms)[0m  [1mSELECT COUNT(*) FROM `users` INNER JOIN `user_user_links` ON `users`.`f_id` = `user_user_links`.`friend_id` WHERE `user_user_links`.`user_id` = 634478837 AND (email IS NOT NULL)[0m
  [1m[35mPackUserLink Load (0.2ms)[0m  SELECT  `pack_user_links`.* FROM `pack_user_links` WHERE `pack_user_links`.`pack_id` = 27 AND `pack_user_links`.`user_id` = 1 LIMIT 1
  [1m[36m (0.6ms)[0m  [1mSELECT COUNT(*) FROM `users` INNER JOIN `user_user_links` ON `users`.`f_id` = `user_user_links`.`friend_id` WHERE `user_user_links`.`user_id` = 634478837 AND (email IS NOT NULL) AND (total_won_levels > 592)[0m
  [1m[35m (64.4ms)[0m  SELECT COUNT(*) FROM `users` WHERE (email IS NOT NULL) AND (total_won_levels > 592)
  [1m[36m (2.3ms)[0m  [1mSELECT COUNT(*) FROM `users` WHERE (email IS NOT NULL)[0m
  Rendered layouts/_header.html.erb (75.5ms)
  [1m[35m (0.4ms)[0m  SELECT `users`.`f_id` FROM `users` INNER JOIN `user_user_links` ON `users`.`f_id` = `user_user_links`.`friend_id` WHERE `user_user_links`.`user_id` = 634478837  ORDER BY friends_count DESC
  Rendered layouts/_fb_friend_ids.html.erb (2.8ms)
  [1m[36mCACHE (0.0ms)[0m  [1mSELECT `users`.* FROM `users` INNER JOIN `user_user_links` ON `users`.`f_id` = `user_user_links`.`friend_id` WHERE `user_user_links`.`user_id` = 634478837 AND (email IS NOT NULL)[0m  [["user_id", 634478837]]
  [1m[35mUser Load (11.1ms)[0m  SELECT users.*, pack_user_links.* FROM `users` INNER JOIN `pack_user_links` ON `pack_user_links`.`user_id` = `users`.`id` WHERE `users`.`id` IN (4, 12, 20, 21, 32, 9569, 47, 49, 55, 71, 75, 80, 85, 1742, 127, 174, 186, 37666, 7464, 37622, 187, 188, 192, 1) AND (pack_user_links.pack_id = 27)
  [1m[36mUserUserLink Load (0.7ms)[0m  [1mSELECT `user_user_links`.* FROM `user_user_links` WHERE `user_user_links`.`user_id` = 634478837 AND `user_user_links`.`friend_id` IN (680920385, 634478837, 532274987, 568095812, 564832519, 676183187, 546480067, 526184822, 675896484, 512143874, 526454251, 533587190, 549980886, 670016136, 577612637, 614029520)[0m
  Rendered layouts/_banner.html.erb (43.0ms)
  Rendered layouts/_footer.html.erb (1.6ms)
Completed 200 OK in 1219ms (Views: 767.4ms | ActiveRecord: 347.8ms)


Started GET "/packs/dimitri-yorick/levels/push-down-01?json=true&authenticity_token=iWusBR59exiaYE3aRQD5WeUVp08mv87qdtc93MeKRfTeYrZDW2mer160duoZgaKKQ19ZTZlwGZyuqx2G2pC%2BKA%3D%3D" for ::1 at 2020-03-02 10:43:37 +0100
Processing by LevelsController#show as */*
  Parameters: {"json"=>"true", "authenticity_token"=>"iWusBR59exiaYE3aRQD5WeUVp08mv87qdtc93MeKRfTeYrZDW2mer160duoZgaKKQ19ZTZlwGZyuqx2G2pC+KA==", "pack_id"=>"dimitri-yorick", "id"=>"push-down-01"}
  [1m[35mUser Load (0.4ms)[0m  SELECT  `users`.* FROM `users` WHERE `users`.`id` = 1  ORDER BY `users`.`id` ASC LIMIT 1
  [1m[36mPack Load (0.4ms)[0m  [1mSELECT  `packs`.* FROM `packs` WHERE `packs`.`slug` = 'dimitri-yorick'  ORDER BY name ASC LIMIT 1[0m
  [1m[35mLevel Load (0.4ms)[0m  SELECT  `levels`.* FROM `levels` WHERE `levels`.`pack_id` = 27 AND `levels`.`slug` = 'push-down-01'  ORDER BY `levels`.`id` ASC LIMIT 1
Completed 200 OK in 6ms (Views: 0.2ms | ActiveRecord: 1.3ms)


Started GET "/users/1/popular_friends" for ::1 at 2020-03-02 10:43:37 +0100
Processing by UsersController#popular_friends as */*
  Parameters: {"id"=>"1"}
  [1m[36mUser Load (0.5ms)[0m  [1mSELECT  `users`.* FROM `users` WHERE `users`.`id` = 1  ORDER BY `users`.`id` ASC LIMIT 1[0m
  [1m[35mUser Load (0.5ms)[0m  SELECT  `users`.* FROM `users` WHERE `users`.`slug` = '1'  ORDER BY `users`.`id` ASC LIMIT 1
  [1m[36mUser Load (0.3ms)[0m  [1mSELECT  `users`.* FROM `users` WHERE `users`.`id` = 1 LIMIT 1[0m
  [1m[35mUser Load (0.7ms)[0m  SELECT `users`.* FROM `users` INNER JOIN `user_user_links` ON `users`.`f_id` = `user_user_links`.`friend_id` WHERE `user_user_links`.`user_id` = 634478837 AND (email IS NOT NULL)
  [1m[36mUser Load (3.4ms)[0m  [1mSELECT  `users`.* FROM `users` INNER JOIN `user_user_links` ON `users`.`f_id` = `user_user_links`.`friend_id` WHERE `user_user_links`.`user_id` = 634478837 AND (email IS NULL)  ORDER BY friends_count DESC LIMIT 50[0m
  Rendered users/_invitation.html.erb (3.2ms)
  Rendered users/popular_friends.html.erb (25.8ms)
Completed 200 OK in 61ms (Views: 47.8ms | ActiveRecord: 5.3ms)


Started GET "/assets/themes/classic/wall64.png" for ::1 at 2020-03-02 10:43:37 +0100


Started GET "/assets/themes/classic/floor64.png" for ::1 at 2020-03-02 10:43:37 +0100


Started GET "/assets/themes/classic/box64.png" for ::1 at 2020-03-02 10:43:37 +0100


Started GET "/assets/themes/classic/pusher64.png" for ::1 at 2020-03-02 10:43:37 +0100


Started GET "/assets/themes/classic/goal64.png" for ::1 at 2020-03-02 10:43:37 +0100
